[2012-09-27 19:26:35] request.ERROR: Symfony\Component\HttpKernel\Exception\NotFoundHttpException: No route found for "HEAD /" (uncaught exception) at E:\websites\diapason\vendor\symfony\symfony\src\Symfony\Component\HttpKernel\EventListener\RouterListener.php line 92 [] []
[2012-09-27 19:26:44] request.ERROR: Symfony\Component\HttpKernel\Exception\NotFoundHttpException: No route found for "GET /" (uncaught exception) at E:\websites\diapason\vendor\symfony\symfony\src\Symfony\Component\HttpKernel\EventListener\RouterListener.php line 92 [] []
[2012-09-27 19:26:54] request.ERROR: Symfony\Component\HttpKernel\Exception\NotFoundHttpException: No route found for "HEAD /" (uncaught exception) at E:\websites\diapason\app\cache\prod\classes.php line 5156 [] []
[2012-09-27 19:27:06] request.ERROR: Symfony\Component\HttpKernel\Exception\NotFoundHttpException: No route found for "GET /" (uncaught exception) at E:\websites\diapason\app\cache\prod\classes.php line 5156 [] []
[2012-09-27 19:38:54] request.ERROR: Symfony\Component\HttpKernel\Exception\NotFoundHttpException: No route found for "GET /" (uncaught exception) at E:\websites\diapason\app\cache\prod\classes.php line 5156 [] []
[2012-09-27 19:38:56] request.ERROR: Symfony\Component\HttpKernel\Exception\NotFoundHttpException: No route found for "GET /" (uncaught exception) at E:\websites\diapason\app\cache\prod\classes.php line 5156 [] []
[2012-09-27 19:41:00] request.ERROR: Symfony\Component\HttpKernel\Exception\NotFoundHttpException: No route found for "GET /" (uncaught exception) at E:\websites\diapason\app\cache\prod\classes.php line 5156 [] []
[2012-09-27 19:41:02] request.ERROR: Symfony\Component\HttpKernel\Exception\NotFoundHttpException: No route found for "GET /" (uncaught exception) at E:\websites\diapason\app\cache\prod\classes.php line 5156 [] []
[2012-09-27 19:41:37] request.ERROR: Symfony\Component\HttpKernel\Exception\NotFoundHttpException: No route found for "HEAD /hello/bobby" (uncaught exception) at E:\websites\diapason\app\cache\prod\classes.php line 5156 [] []
[2012-09-27 19:41:49] request.ERROR: Symfony\Component\HttpKernel\Exception\NotFoundHttpException: No route found for "GET /hello/bobby" (uncaught exception) at E:\websites\diapason\app\cache\prod\classes.php line 5156 [] []
[2012-09-27 19:41:56] request.ERROR: Symfony\Component\HttpKernel\Exception\NotFoundHttpException: No route found for "HEAD /" (uncaught exception) at E:\websites\diapason\app\cache\prod\classes.php line 5156 [] []
[2012-09-27 19:42:09] request.ERROR: Symfony\Component\HttpKernel\Exception\NotFoundHttpException: No route found for "GET /" (uncaught exception) at E:\websites\diapason\app\cache\prod\classes.php line 5156 [] []
[2012-09-27 19:42:50] request.ERROR: Symfony\Component\HttpKernel\Exception\NotFoundHttpException: No route found for "GET /" (uncaught exception) at E:\websites\diapason\app\cache\prod\classes.php line 5156 [] []
[2012-09-27 19:47:56] request.ERROR: Symfony\Component\HttpKernel\Exception\NotFoundHttpException: No route found for "GET /" (uncaught exception) at E:\websites\diapason\app\cache\prod\classes.php line 5156 [] []
[2012-09-27 19:48:23] request.ERROR: Symfony\Component\HttpKernel\Exception\NotFoundHttpException: No route found for "GET /" (uncaught exception) at E:\websites\diapason\app\cache\prod\classes.php line 5156 [] []
[2012-09-27 19:48:26] request.ERROR: Symfony\Component\HttpKernel\Exception\NotFoundHttpException: No route found for "GET /" (uncaught exception) at E:\websites\diapason\app\cache\prod\classes.php line 5156 [] []
[2012-09-27 19:52:20] request.ERROR: Symfony\Component\HttpKernel\Exception\NotFoundHttpException: No route found for "GET /" (uncaught exception) at E:\websites\diapason\app\cache\prod\classes.php line 5156 [] []
[2012-10-10 01:44:26] request.ERROR: Symfony\Component\HttpKernel\Exception\NotFoundHttpException: No route found for "GET /identite" (uncaught exception) at E:\websites\diapason\app\cache\prod\classes.php line 5156 [] []
[2012-10-10 01:45:24] request.ERROR: Symfony\Component\HttpKernel\Exception\NotFoundHttpException: No route found for "GET /user" (uncaught exception) at E:\websites\diapason\app\cache\prod\classes.php line 5156 [] []
[2012-10-10 01:45:34] request.ERROR: Symfony\Component\HttpKernel\Exception\NotFoundHttpException: No route found for "GET /user/create" (uncaught exception) at E:\websites\diapason\app\cache\prod\classes.php line 5156 [] []
[2012-10-10 01:46:29] request.ERROR: Symfony\Component\HttpKernel\Exception\NotFoundHttpException: No route found for "GET /user/list" (uncaught exception) at E:\websites\diapason\app\cache\prod\classes.php line 5156 [] []
[2012-10-10 01:46:50] request.ERROR: Symfony\Component\HttpKernel\Exception\NotFoundHttpException: No route found for "GET /" (uncaught exception) at E:\websites\diapason\app\cache\prod\classes.php line 5156 [] []
[2012-10-10 01:46:56] request.ERROR: Symfony\Component\HttpKernel\Exception\NotFoundHttpException: No route found for "GET /" (uncaught exception) at E:\websites\diapason\app\cache\prod\classes.php line 5156 [] []
